<?xml version="1.0" encoding="UTF-8"?>
<!-- Generated by org.testng.reporters.JUnitXMLReporter -->
<testsuite ignored="2" hostname="LAPTOP-J843U7OO" failures="0" tests="7" name="Test" time="0.107" errors="0" timestamp="04 Aug 2024 15:15:06 GMT">
  <testcase classname="testcases.BaseClass" name="@BeforeTest SetUpExcel" time="0.024">
    <failure type="java.io.FileNotFoundException" message="exceldata.xlsx (The system cannot find the file specified)">
      <![CDATA[java.io.FileNotFoundException: exceldata.xlsx (The system cannot find the file specified)
at java.base/java.io.FileInputStream.open0(Native Method)
at java.base/java.io.FileInputStream.open(FileInputStream.java:213)
at java.base/java.io.FileInputStream.<init>(FileInputStream.java:152)
at java.base/java.io.FileInputStream.<init>(FileInputStream.java:106)
at testcases.BaseClass.SetUpExcel(BaseClass.java:43)
... Removed 22 stack frames]]>
    </failure>
  </testcase> <!-- @BeforeTest SetUpExcel -->
  <testcase classname="testcases.BaseClass" name="@BeforeMethod SetUpDriver" time="0.0">
    <skipped/>
  </testcase> <!-- @BeforeMethod SetUpDriver -->
  <testcase classname="testcases.BaseClass" name="@AfterMethod TearDown" time="0.0">
    <skipped/>
  </testcase> <!-- @AfterMethod TearDown -->
  <testcase classname="testcases.BaseClass" name="@BeforeMethod SetUpDriver" time="0.0">
    <skipped/>
  </testcase> <!-- @BeforeMethod SetUpDriver -->
  <testcase classname="testcases.BaseClass" name="@AfterMethod TearDown" time="0.0">
    <skipped/>
  </testcase> <!-- @AfterMethod TearDown -->
  <testcase classname="testcases.BaseClass" name="@BeforeMethod SetUpDriver" time="0.0">
    <skipped/>
  </testcase> <!-- @BeforeMethod SetUpDriver -->
  <testcase classname="testcases.BaseClass" name="@AfterMethod TearDown" time="0.0">
    <skipped/>
  </testcase> <!-- @AfterMethod TearDown -->
  <testcase classname="testcases.BaseClass" name="@BeforeMethod SetUpDriver" time="0.0">
    <skipped/>
  </testcase> <!-- @BeforeMethod SetUpDriver -->
  <testcase classname="testcases.BaseClass" name="@AfterMethod TearDown" time="0.0">
    <skipped/>
  </testcase> <!-- @AfterMethod TearDown -->
  <testcase classname="testcases.BaseClass" name="@BeforeMethod SetUpDriver" time="0.0">
    <skipped/>
  </testcase> <!-- @BeforeMethod SetUpDriver -->
  <testcase classname="testcases.BaseClass" name="@AfterMethod TearDown" time="0.0">
    <skipped/>
  </testcase> <!-- @AfterMethod TearDown -->
  <testcase classname="testcases.BaseClass" name="@BeforeMethod SetUpDriver" time="0.0">
    <skipped/>
  </testcase> <!-- @BeforeMethod SetUpDriver -->
  <testcase classname="testcases.BaseClass" name="@AfterMethod TearDown" time="0.0">
    <skipped/>
  </testcase> <!-- @AfterMethod TearDown -->
  <testcase classname="testcases.BaseClass" name="@BeforeMethod SetUpDriver" time="0.0">
    <skipped/>
  </testcase> <!-- @BeforeMethod SetUpDriver -->
  <testcase classname="testcases.BaseClass" name="@AfterMethod TearDown" time="0.0">
    <skipped/>
  </testcase> <!-- @AfterMethod TearDown -->
  <testcase classname="testcases.BaseClass" name="@AfterTest CloseExcel" time="0.0">
    <skipped/>
  </testcase> <!-- @AfterTest CloseExcel -->
  <testcase classname="testcases.HomePageTest" name="TC03_SomeName" time="0.0">
    <skipped/>
  </testcase> <!-- TC03_SomeName -->
  <testcase classname="testcases.LoginTest" name="TC01_LoginFailureTest" time="0.0">
    <skipped/>
  </testcase> <!-- TC01_LoginFailureTest -->
  <testcase classname="testcases.LoginTest" name="TC02_LoginSuccessTest" time="0.0">
    <skipped/>
  </testcase> <!-- TC02_LoginSuccessTest -->
  <testcase classname="testcases.LoginTest" name="TC03_LoginSuccessTest" time="0.0">
    <skipped/>
  </testcase> <!-- TC03_LoginSuccessTest -->
  <testcase classname="testcases.LoginTest" name="TC04_LoginSuccessTest" time="0.0">
    <skipped/>
  </testcase> <!-- TC04_LoginSuccessTest -->
  <testcase classname="testcases.LoginTest" name="TC04_LoginSuccessTest" time="0.0">
    <skipped/>
  </testcase> <!-- TC04_LoginSuccessTest -->
  <testcase classname="testcases.LoginTest" name="TC04_LoginSuccessTest" time="0.0">
    <skipped/>
  </testcase> <!-- TC04_LoginSuccessTest -->
  <testcase classname="testcases.BaseClass" name="@BeforeTest SetUpExcel" time="0.0">
    <ignored/>
  </testcase> <!-- @BeforeTest SetUpExcel -->
  <testcase classname="testcases.BaseClass" name="@AfterTest CloseExcel" time="0.0">
    <ignored/>
  </testcase> <!-- @AfterTest CloseExcel -->
</testsuite> <!-- Test -->
