<?xml version="1.0" encoding="UTF-8"?>
<!-- Generated by org.testng.reporters.JUnitXMLReporter -->
<testsuite ignored="2" hostname="LAPTOP-J843U7OO" failures="0" tests="2" name="Test" time="28.436" errors="0" timestamp="20 Oct 2024 13:48:18 GMT">
  <testcase classname="testcases.LoginTest" name="TC01_LoginFailureTest" time="12.553"/>
  <testcase classname="testcases.LoginTest" name="TC02_LoginSuccessTest" time="11.356"/>
  <testcase classname="testcases.LoginTest" name="TC03_LoginSuccessTest" time="0.0">
    <ignored/>
  </testcase> <!-- TC03_LoginSuccessTest -->
  <testcase classname="testcases.LoginTest" name="TC04_LoginSuccessTest" time="0.0">
    <ignored/>
  </testcase> <!-- TC04_LoginSuccessTest -->
</testsuite> <!-- Test -->
