<?xml version="1.0" encoding="UTF-8"?>
<!-- Generated by org.testng.reporters.JUnitXMLReporter -->
<testsuite ignored="5" hostname="LAPTOP-J843U7OO" failures="0" tests="2" name="Test" time="31.68" errors="0" timestamp="06 Oct 2024 15:14:35 GMT">
  <testcase classname="testcases.BaseClass" name="@AfterTest CloseExcel" time="0.021">
    <failure type="java.lang.NullPointerException" message="Cannot invoke &amp;quot;org.apache.poi.xssf.usermodel.XSSFWorkbook.close()&amp;quot; because &amp;quot;this.wbook&amp;quot; is null">
      <![CDATA[java.lang.NullPointerException: Cannot invoke "org.apache.poi.xssf.usermodel.XSSFWorkbook.close()" because "this.wbook" is null
at testcases.BaseClass.CloseExcel(BaseClass.java:50)
... Removed 22 stack frames]]>
    </failure>
  </testcase> <!-- @AfterTest CloseExcel -->
  <testcase classname="testcases.LoginTest" name="TC01_LoginFailureTest" time="8.606"/>
  <testcase classname="testcases.LoginTest" name="TC02_LoginSuccessTest" time="9.098"/>
  <testcase classname="testcases.BaseClass" name="@BeforeTest SetUpExcel" time="0.0">
    <ignored/>
  </testcase> <!-- @BeforeTest SetUpExcel -->
  <testcase classname="testcases.HomePageTest" name="TC03_SomeName" time="0.0">
    <ignored/>
  </testcase> <!-- TC03_SomeName -->
  <testcase classname="testcases.LoginTest" name="TC03_LoginSuccessTest" time="0.0">
    <ignored/>
  </testcase> <!-- TC03_LoginSuccessTest -->
  <testcase classname="testcases.LoginTest" name="TC04_LoginSuccessTest" time="0.0">
    <ignored/>
  </testcase> <!-- TC04_LoginSuccessTest -->
  <testcase classname="testcases.BaseClass" name="@AfterTest CloseExcel" time="0.0">
    <ignored/>
  </testcase> <!-- @AfterTest CloseExcel -->
</testsuite> <!-- Test -->
