<?xml version="1.0" encoding="UTF-8"?>
<testng-results ignored="2" total="4" passed="2" failed="0" skipped="0">
  <reporter-output>
  </reporter-output>
  <suite started-at="2024-10-20T13:47:49Z" name="sanity" finished-at="2024-10-20T13:48:17Z" duration-ms="28436">
    <groups>
      <group name="sanity">
        <method signature="LoginTest.TC01_LoginFailureTest()[pri:0, instance:testcases.LoginTest@ea6147e]" name="TC01_LoginFailureTest" class="testcases.LoginTest"/>
        <method signature="LoginTest.TC02_LoginSuccessTest()[pri:0, instance:testcases.LoginTest@ea6147e]" name="TC02_LoginSuccessTest" class="testcases.LoginTest"/>
      </group> <!-- sanity -->
    </groups>
    <test started-at="2024-10-20T13:47:49Z" name="Test" finished-at="2024-10-20T13:48:17Z" duration-ms="28436">
      <class name="testcases.LoginTest">
        <test-method is-config="true" signature="SetUpDriver()[pri:0, instance:testcases.LoginTest@ea6147e]" started-at="2024-10-20T13:47:49Z" name="SetUpDriver" finished-at="2024-10-20T13:48:05Z" duration-ms="15587" status="PASS">
          <reporter-output>
          </reporter-output>
        </test-method> <!-- SetUpDriver -->
        <test-method is-config="true" signature="SetUpDriver()[pri:0, instance:testcases.LoginTest@ea6147e]" started-at="2024-10-20T13:47:49Z" name="SetUpDriver" finished-at="2024-10-20T13:48:03Z" duration-ms="14344" status="PASS">
          <reporter-output>
          </reporter-output>
        </test-method> <!-- SetUpDriver -->
        <test-method signature="TC01_LoginFailureTest()[pri:0, instance:testcases.LoginTest@ea6147e]" started-at="2024-10-20T13:48:03Z" name="TC01_LoginFailureTest" description="Login success test" finished-at="2024-10-20T13:48:16Z" duration-ms="12553" status="PASS">
          <reporter-output>
          </reporter-output>
        </test-method> <!-- TC01_LoginFailureTest -->
        <test-method signature="TC02_LoginSuccessTest()[pri:0, instance:testcases.LoginTest@ea6147e]" started-at="2024-10-20T13:48:05Z" name="TC02_LoginSuccessTest" description="Login success test" finished-at="2024-10-20T13:48:16Z" duration-ms="11356" status="PASS">
          <reporter-output>
          </reporter-output>
        </test-method> <!-- TC02_LoginSuccessTest -->
        <test-method is-config="true" signature="TearDown()[pri:0, instance:testcases.LoginTest@ea6147e]" started-at="2024-10-20T13:48:16Z" name="TearDown" finished-at="2024-10-20T13:48:17Z" duration-ms="1465" status="PASS">
          <reporter-output>
          </reporter-output>
        </test-method> <!-- TearDown -->
        <test-method is-config="true" signature="TearDown()[pri:0, instance:testcases.LoginTest@ea6147e]" started-at="2024-10-20T13:48:16Z" name="TearDown" finished-at="2024-10-20T13:48:17Z" duration-ms="1348" status="PASS">
          <reporter-output>
          </reporter-output>
        </test-method> <!-- TearDown -->
      </class> <!-- testcases.LoginTest -->
    </test> <!-- Test -->
  </suite> <!-- sanity -->
</testng-results>
